2013-03-25 15:45:03,469 ERROR DBConnector:52 - chyba!!! pri zpracování karty: 4041
com.mysql.jdbc.exceptions.jdbc4.MySQLSyntaxErrorException: Unknown column 'CONVERTED_MANA_COST' in 'field list'
	at sun.reflect.NativeConstructorAccessorImpl.newInstance0(Native Method)
	at sun.reflect.NativeConstructorAccessorImpl.newInstance(NativeConstructorAccessorImpl.java:57)
	at sun.reflect.DelegatingConstructorAccessorImpl.newInstance(DelegatingConstructorAccessorImpl.java:45)
	at java.lang.reflect.Constructor.newInstance(Constructor.java:525)
	at com.mysql.jdbc.Util.handleNewInstance(Util.java:411)
	at com.mysql.jdbc.Util.getInstance(Util.java:386)
	at com.mysql.jdbc.SQLError.createSQLException(SQLError.java:1052)
	at com.mysql.jdbc.MysqlIO.checkErrorPacket(MysqlIO.java:3609)
	at com.mysql.jdbc.MysqlIO.checkErrorPacket(MysqlIO.java:3541)
	at com.mysql.jdbc.MysqlIO.sendCommand(MysqlIO.java:2002)
	at com.mysql.jdbc.MysqlIO.sqlQueryDirect(MysqlIO.java:2163)
	at com.mysql.jdbc.ConnectionImpl.execSQL(ConnectionImpl.java:2624)
	at com.mysql.jdbc.PreparedStatement.executeInternal(PreparedStatement.java:2127)
	at com.mysql.jdbc.PreparedStatement.executeUpdate(PreparedStatement.java:2427)
	at com.mysql.jdbc.PreparedStatement.executeUpdate(PreparedStatement.java:2345)
	at com.mysql.jdbc.PreparedStatement.executeUpdate(PreparedStatement.java:2330)
	at cz.crawler.dtb.DBConnector.insertCard(DBConnector.java:141)
	at cz.crawler.Crawler.run(Crawler.java:48)
	at java.lang.Thread.run(Thread.java:722)
2013-03-25 15:46:26,421 ERROR DBConnector:52 - chyba!!! pri zpracování karty: 4042
com.mysql.jdbc.exceptions.jdbc4.MySQLSyntaxErrorException: Unknown column 'CONVERTED_MANA_COST' in 'field list'
	at sun.reflect.NativeConstructorAccessorImpl.newInstance0(Native Method)
	at sun.reflect.NativeConstructorAccessorImpl.newInstance(NativeConstructorAccessorImpl.java:57)
	at sun.reflect.DelegatingConstructorAccessorImpl.newInstance(DelegatingConstructorAccessorImpl.java:45)
	at java.lang.reflect.Constructor.newInstance(Constructor.java:525)
	at com.mysql.jdbc.Util.handleNewInstance(Util.java:411)
	at com.mysql.jdbc.Util.getInstance(Util.java:386)
	at com.mysql.jdbc.SQLError.createSQLException(SQLError.java:1052)
	at com.mysql.jdbc.MysqlIO.checkErrorPacket(MysqlIO.java:3609)
	at com.mysql.jdbc.MysqlIO.checkErrorPacket(MysqlIO.java:3541)
	at com.mysql.jdbc.MysqlIO.sendCommand(MysqlIO.java:2002)
	at com.mysql.jdbc.MysqlIO.sqlQueryDirect(MysqlIO.java:2163)
	at com.mysql.jdbc.ConnectionImpl.execSQL(ConnectionImpl.java:2624)
	at com.mysql.jdbc.PreparedStatement.executeInternal(PreparedStatement.java:2127)
	at com.mysql.jdbc.PreparedStatement.executeUpdate(PreparedStatement.java:2427)
	at com.mysql.jdbc.PreparedStatement.executeUpdate(PreparedStatement.java:2345)
	at com.mysql.jdbc.PreparedStatement.executeUpdate(PreparedStatement.java:2330)
	at cz.crawler.dtb.DBConnector.insertCard(DBConnector.java:141)
	at cz.crawler.Crawler.run(Crawler.java:48)
	at java.lang.Thread.run(Thread.java:722)
